<?xml version="1.0" encoding="UTF-8"?>
<testsuite xmlns:xsi="http://www.w3.org/2001/XMLSchema-instance" xsi:noNamespaceSchemaLocation="https://maven.apache.org/surefire/maven-surefire-plugin/xsd/surefire-test-report.xsd" version="3.0.2" name="com.theconnectedshop.AddToCartTest" time="0.057" tests="1" errors="1" skipped="0" failures="0">
  <properties>
[...]
</properties>
  <testcase name="" classname="com.theconnectedshop.AddToCartTest" time="0.057">
    <error message="Unresolved compilation problem: &#10;" type="java.lang.Error"><![CDATA[java.lang.Error: 
Unresolved compilation problem: 

	at com.theconnectedshop.AddToCartTest.setUpClass(AddToCartTest.java:28)
	at java.base/java.lang.reflect.Method.invoke(Method.java:580)
	at java.base/java.util.ArrayList.forEach(ArrayList.java:1596)
	Suppressed: java.lang.Error: Unresolved compilation problem: 

		at com.theconnectedshop.AddToCartTest.tearDownClass(AddToCartTest.java:37)
		at java.base/java.lang.reflect.Method.invoke(Method.java:580)
		at java.base/java.util.ArrayList.forEach(ArrayList.java:1596)
		at java.base/java.util.Collections$UnmodifiableCollection.forEach(Collections.java:1116)
		... 1 more
]]></error>
  </testcase>
</testsuite>